09-09-2013 16:05:20.286 main                 WARN             im.server - Starting a server...
09-09-2013 16:05:20.291 main                 WARN             im.server - Server started at 12345 port
09-09-2013 16:05:22.047 main                 WARN             im.server - New client is trying to connect to the chat...
09-09-2013 16:05:22.049 main                 WARN             im.server - Connection established with [guest]
09-09-2013 16:05:28.309 main                 WARN             im.server - New client is trying to connect to the chat...
09-09-2013 16:05:28.311 main                 WARN             im.server - Connection established with [guest]
09-09-2013 16:06:05.860 Thread-2             ERROR            im.server - Unable to read XML Schema
org.xml.sax.SAXParseException; lineNumber: 1; columnNumber: 1; Content is not allowed in prolog.
	at com.sun.org.apache.xerces.internal.parsers.DOMParser.parse(Unknown Source)
	at com.sun.org.apache.xerces.internal.jaxp.DocumentBuilderImpl.parse(Unknown Source)
	at javax.xml.parsers.DocumentBuilder.parse(Unknown Source)
	at server.com.netcracker.romenskiy.XMLUtils.receiveAuthorize(XMLUtils.java:139)
	at server.com.netcracker.romenskiy.ClientThread.run(ClientThread.java:52)
09-09-2013 16:06:23.287 Thread-2             ERROR            im.server - Unable to read XML Schema
org.xml.sax.SAXParseException; lineNumber: 1; columnNumber: 1; Content is not allowed in prolog.
	at com.sun.org.apache.xerces.internal.parsers.DOMParser.parse(Unknown Source)
	at com.sun.org.apache.xerces.internal.jaxp.DocumentBuilderImpl.parse(Unknown Source)
	at javax.xml.parsers.DocumentBuilder.parse(Unknown Source)
	at server.com.netcracker.romenskiy.XMLUtils.receiveMessage(XMLUtils.java:56)
	at server.com.netcracker.romenskiy.ClientThread.receive(ClientThread.java:113)
	at server.com.netcracker.romenskiy.ClientThread.run(ClientThread.java:91)
09-09-2013 16:06:23.289 Thread-2             WARN             im.server - Socket with guest has been closed.
09-09-2013 16:06:44.839 Thread-3             ERROR            im.server - Unable to read XML Schema
org.xml.sax.SAXParseException; lineNumber: 1; columnNumber: 1; Content is not allowed in prolog.
	at com.sun.org.apache.xerces.internal.parsers.DOMParser.parse(Unknown Source)
	at com.sun.org.apache.xerces.internal.jaxp.DocumentBuilderImpl.parse(Unknown Source)
	at javax.xml.parsers.DocumentBuilder.parse(Unknown Source)
	at server.com.netcracker.romenskiy.XMLUtils.receiveAuthorize(XMLUtils.java:139)
	at server.com.netcracker.romenskiy.ClientThread.run(ClientThread.java:52)
09-09-2013 16:09:13.711 Thread-3             ERROR            im.server - Unable to read XML Schema
org.xml.sax.SAXParseException; lineNumber: 1; columnNumber: 1; Content is not allowed in prolog.
	at com.sun.org.apache.xerces.internal.parsers.DOMParser.parse(Unknown Source)
	at com.sun.org.apache.xerces.internal.jaxp.DocumentBuilderImpl.parse(Unknown Source)
	at javax.xml.parsers.DocumentBuilder.parse(Unknown Source)
	at server.com.netcracker.romenskiy.XMLUtils.receiveMessage(XMLUtils.java:56)
	at server.com.netcracker.romenskiy.ClientThread.receive(ClientThread.java:113)
	at server.com.netcracker.romenskiy.ClientThread.run(ClientThread.java:91)
09-09-2013 16:09:13.712 Thread-3             WARN             im.server - Socket with guest has been closed.
10-09-2013 10:09:23.484 main                 WARN             im.server - Starting a server...
10-09-2013 10:09:23.490 main                 WARN             im.server - Server started at 12345 port
10-09-2013 10:09:25.075 main                 WARN             im.server - New client is trying to connect to the chat...
10-09-2013 10:09:25.077 main                 WARN             im.server - Connection established with [guest]
10-09-2013 10:09:36.072 Thread-2             ERROR            im.server - Unable to read XML Schema
org.xml.sax.SAXParseException; lineNumber: 1; columnNumber: 1; Content is not allowed in prolog.
	at com.sun.org.apache.xerces.internal.parsers.DOMParser.parse(Unknown Source)
	at com.sun.org.apache.xerces.internal.jaxp.DocumentBuilderImpl.parse(Unknown Source)
	at javax.xml.parsers.DocumentBuilder.parse(Unknown Source)
	at server.com.netcracker.romenskiy.XMLUtils.receiveAuthorize(XMLUtils.java:141)
	at server.com.netcracker.romenskiy.ClientThread.run(ClientThread.java:52)
10-09-2013 10:09:53.454 Thread-2             ERROR            im.server - Unable to read XML Schema
org.xml.sax.SAXParseException; lineNumber: 1; columnNumber: 1; Content is not allowed in prolog.
	at com.sun.org.apache.xerces.internal.parsers.DOMParser.parse(Unknown Source)
	at com.sun.org.apache.xerces.internal.jaxp.DocumentBuilderImpl.parse(Unknown Source)
	at javax.xml.parsers.DocumentBuilder.parse(Unknown Source)
	at server.com.netcracker.romenskiy.XMLUtils.receiveMessage(XMLUtils.java:58)
	at server.com.netcracker.romenskiy.ClientThread.receive(ClientThread.java:113)
	at server.com.netcracker.romenskiy.ClientThread.run(ClientThread.java:91)
10-09-2013 10:09:53.455 Thread-2             WARN             im.server - Socket with guest has been closed.
10-09-2013 10:10:56.013 main                 WARN             im.server - Starting a server...
10-09-2013 10:10:56.019 main                 WARN             im.server - Server started at 12345 port
10-09-2013 10:24:41.218 main                 WARN             im.server - Starting a server...
10-09-2013 10:24:41.223 main                 WARN             im.server - Server started at 12345 port
10-09-2013 11:06:35.110 main                 WARN             im.server - Starting a server...
10-09-2013 11:06:35.116 main                 WARN             im.server - Server started at 12345 port
10-09-2013 11:08:36.892 main                 WARN             im.server - Starting a server...
10-09-2013 11:08:36.896 main                 WARN             im.server - Server started at 12345 port
10-09-2013 11:11:55.288 main                 WARN             im.server - Starting a server...
10-09-2013 11:11:55.293 main                 WARN             im.server - Server started at 12345 port
